<?xml version="1.0" encoding="UTF-8"?>
<testsuite name="com.learnreactspring.LearnReactSpringApplicationTests" tests="1" skipped="0" failures="0" errors="0" timestamp="2020-11-27T02:33:23" hostname="Chandras-MacBook-Pro.local" time="0.144">
  <properties/>
  <testcase name="contextLoads()" classname="com.learnreactspring.LearnReactSpringApplicationTests" time="0.144"/>
  <system-out><![CDATA[21:33:20.947 [Test worker] DEBUG org.springframework.test.context.BootstrapUtils - Instantiating CacheAwareContextLoaderDelegate from class [org.springframework.test.context.cache.DefaultCacheAwareContextLoaderDelegate]
21:33:20.962 [Test worker] DEBUG org.springframework.test.context.BootstrapUtils - Instantiating BootstrapContext using constructor [public org.springframework.test.context.support.DefaultBootstrapContext(java.lang.Class,org.springframework.test.context.CacheAwareContextLoaderDelegate)]
21:33:20.993 [Test worker] DEBUG org.springframework.test.context.BootstrapUtils - Instantiating TestContextBootstrapper for test class [com.learnreactspring.LearnReactSpringApplicationTests] from class [org.springframework.boot.test.context.SpringBootTestContextBootstrapper]
21:33:21.003 [Test worker] INFO org.springframework.boot.test.context.SpringBootTestContextBootstrapper - Neither @ContextConfiguration nor @ContextHierarchy found for test class [com.learnreactspring.LearnReactSpringApplicationTests], using SpringBootContextLoader
21:33:21.006 [Test worker] DEBUG org.springframework.test.context.support.AbstractContextLoader - Did not detect default resource location for test class [com.learnreactspring.LearnReactSpringApplicationTests]: class path resource [com/learnreactspring/LearnReactSpringApplicationTests-context.xml] does not exist
21:33:21.007 [Test worker] DEBUG org.springframework.test.context.support.AbstractContextLoader - Did not detect default resource location for test class [com.learnreactspring.LearnReactSpringApplicationTests]: class path resource [com/learnreactspring/LearnReactSpringApplicationTestsContext.groovy] does not exist
21:33:21.007 [Test worker] INFO org.springframework.test.context.support.AbstractContextLoader - Could not detect default resource locations for test class [com.learnreactspring.LearnReactSpringApplicationTests]: no resource found for suffixes {-context.xml, Context.groovy}.
21:33:21.008 [Test worker] INFO org.springframework.test.context.support.AnnotationConfigContextLoaderUtils - Could not detect default configuration classes for test class [com.learnreactspring.LearnReactSpringApplicationTests]: LearnReactSpringApplicationTests does not declare any static, non-private, non-final, nested classes annotated with @Configuration.
21:33:21.043 [Test worker] DEBUG org.springframework.test.context.support.ActiveProfilesUtils - Could not find an 'annotation declaring class' for annotation type [org.springframework.test.context.ActiveProfiles] and class [com.learnreactspring.LearnReactSpringApplicationTests]
21:33:21.099 [Test worker] DEBUG org.springframework.context.annotation.ClassPathScanningCandidateComponentProvider - Identified candidate component class: file [/Users/ckgauro/Tutorial/github/SpringBootReactive/build/classes/java/main/com/learnreactspring/LearnReactSpringApplication.class]
21:33:21.100 [Test worker] INFO org.springframework.boot.test.context.SpringBootTestContextBootstrapper - Found @SpringBootConfiguration com.learnreactspring.LearnReactSpringApplication for test class com.learnreactspring.LearnReactSpringApplicationTests
21:33:21.187 [Test worker] DEBUG org.springframework.boot.test.context.SpringBootTestContextBootstrapper - @TestExecutionListeners is not present for class [com.learnreactspring.LearnReactSpringApplicationTests]: using defaults.
21:33:21.187 [Test worker] INFO org.springframework.boot.test.context.SpringBootTestContextBootstrapper - Loaded default TestExecutionListener class names from location [META-INF/spring.factories]: [org.springframework.boot.test.autoconfigure.restdocs.RestDocsTestExecutionListener, org.springframework.boot.test.autoconfigure.web.client.MockRestServiceServerResetTestExecutionListener, org.springframework.boot.test.autoconfigure.web.servlet.MockMvcPrintOnlyOnFailureTestExecutionListener, org.springframework.boot.test.autoconfigure.web.servlet.WebDriverTestExecutionListener, org.springframework.boot.test.autoconfigure.webservices.client.MockWebServiceServerTestExecutionListener, org.springframework.boot.test.mock.mockito.MockitoTestExecutionListener, org.springframework.boot.test.mock.mockito.ResetMocksTestExecutionListener, org.springframework.test.context.web.ServletTestExecutionListener, org.springframework.test.context.support.DirtiesContextBeforeModesTestExecutionListener, org.springframework.test.context.support.DependencyInjectionTestExecutionListener, org.springframework.test.context.support.DirtiesContextTestExecutionListener, org.springframework.test.context.transaction.TransactionalTestExecutionListener, org.springframework.test.context.jdbc.SqlScriptsTestExecutionListener, org.springframework.test.context.event.EventPublishingTestExecutionListener]
21:33:21.194 [Test worker] DEBUG org.springframework.boot.test.context.SpringBootTestContextBootstrapper - Skipping candidate TestExecutionListener [org.springframework.test.context.web.ServletTestExecutionListener] due to a missing dependency. Specify custom listener classes or make the default listener classes and their required dependencies available. Offending class: [javax/servlet/ServletContext]
21:33:21.200 [Test worker] INFO org.springframework.boot.test.context.SpringBootTestContextBootstrapper - Using TestExecutionListeners: [org.springframework.test.context.support.DirtiesContextBeforeModesTestExecutionListener@4dd77280, org.springframework.boot.test.mock.mockito.MockitoTestExecutionListener@1ff15dbc, org.springframework.boot.test.autoconfigure.SpringBootDependencyInjectionTestExecutionListener@46b29ca, org.springframework.test.context.support.DirtiesContextTestExecutionListener@138a0137, org.springframework.test.context.transaction.TransactionalTestExecutionListener@65bf32b4, org.springframework.test.context.jdbc.SqlScriptsTestExecutionListener@70369f02, org.springframework.test.context.event.EventPublishingTestExecutionListener@2dceddb7, org.springframework.boot.test.autoconfigure.restdocs.RestDocsTestExecutionListener@6e0ee280, org.springframework.boot.test.autoconfigure.web.client.MockRestServiceServerResetTestExecutionListener@72b85767, org.springframework.boot.test.autoconfigure.web.servlet.MockMvcPrintOnlyOnFailureTestExecutionListener@363208bd, org.springframework.boot.test.autoconfigure.web.servlet.WebDriverTestExecutionListener@6d4a58a9, org.springframework.boot.test.autoconfigure.webservices.client.MockWebServiceServerTestExecutionListener@7449bd62, org.springframework.boot.test.mock.mockito.ResetMocksTestExecutionListener@447acfe3]
21:33:21.203 [Test worker] DEBUG org.springframework.test.context.support.AbstractDirtiesContextTestExecutionListener - Before test class: context [DefaultTestContext@64c1b197 testClass = LearnReactSpringApplicationTests, testInstance = [null], testMethod = [null], testException = [null], mergedContextConfiguration = [ReactiveWebMergedContextConfiguration@dac57cf testClass = LearnReactSpringApplicationTests, locations = '{}', classes = '{class com.learnreactspring.LearnReactSpringApplication}', contextInitializerClasses = '[]', activeProfiles = '{}', propertySourceLocations = '{}', propertySourceProperties = '{org.springframework.boot.test.context.SpringBootTestContextBootstrapper=true}', contextCustomizers = set[org.springframework.boot.test.autoconfigure.actuate.metrics.MetricsExportContextCustomizerFactory$DisableMetricExportContextCustomizer@2ff46690, org.springframework.boot.test.autoconfigure.properties.PropertyMappingContextCustomizer@0, org.springframework.boot.test.autoconfigure.web.servlet.WebDriverContextCustomizerFactory$Customizer@3fbb5d2, org.springframework.boot.test.context.filter.ExcludeFilterContextCustomizer@b301e03, org.springframework.boot.test.json.DuplicateJsonObjectContextCustomizerFactory$DuplicateJsonObjectContextCustomizer@39e2fbc9, org.springframework.boot.test.mock.mockito.MockitoContextCustomizer@0, org.springframework.boot.test.web.client.TestRestTemplateContextCustomizer@2436007, org.springframework.boot.test.web.reactive.server.WebTestClientContextCustomizer@3b2cedf4, org.springframework.boot.test.context.SpringBootTestArgs@1, org.springframework.boot.test.context.SpringBootTestWebEnvironment@50b4ca54], contextLoader = 'org.springframework.boot.test.context.SpringBootContextLoader', parent = [null]], attributes = map[[empty]]], class annotated with @DirtiesContext [false] with mode [null].
21:33:21.212 [Test worker] DEBUG org.springframework.test.context.support.DependencyInjectionTestExecutionListener - Performing dependency injection for test context [[DefaultTestContext@64c1b197 testClass = LearnReactSpringApplicationTests, testInstance = com.learnreactspring.LearnReactSpringApplicationTests@1a91afad, testMethod = [null], testException = [null], mergedContextConfiguration = [ReactiveWebMergedContextConfiguration@dac57cf testClass = LearnReactSpringApplicationTests, locations = '{}', classes = '{class com.learnreactspring.LearnReactSpringApplication}', contextInitializerClasses = '[]', activeProfiles = '{}', propertySourceLocations = '{}', propertySourceProperties = '{org.springframework.boot.test.context.SpringBootTestContextBootstrapper=true}', contextCustomizers = set[org.springframework.boot.test.autoconfigure.actuate.metrics.MetricsExportContextCustomizerFactory$DisableMetricExportContextCustomizer@2ff46690, org.springframework.boot.test.autoconfigure.properties.PropertyMappingContextCustomizer@0, org.springframework.boot.test.autoconfigure.web.servlet.WebDriverContextCustomizerFactory$Customizer@3fbb5d2, org.springframework.boot.test.context.filter.ExcludeFilterContextCustomizer@b301e03, org.springframework.boot.test.json.DuplicateJsonObjectContextCustomizerFactory$DuplicateJsonObjectContextCustomizer@39e2fbc9, org.springframework.boot.test.mock.mockito.MockitoContextCustomizer@0, org.springframework.boot.test.web.client.TestRestTemplateContextCustomizer@2436007, org.springframework.boot.test.web.reactive.server.WebTestClientContextCustomizer@3b2cedf4, org.springframework.boot.test.context.SpringBootTestArgs@1, org.springframework.boot.test.context.SpringBootTestWebEnvironment@50b4ca54], contextLoader = 'org.springframework.boot.test.context.SpringBootContextLoader', parent = [null]], attributes = map[[empty]]]].
21:33:21.231 [Test worker] DEBUG org.springframework.test.context.support.TestPropertySourceUtils - Adding inlined properties to environment: {spring.jmx.enabled=false, org.springframework.boot.test.context.SpringBootTestContextBootstrapper=true}

  .   ____          _            __ _ _
 /\\ / ___'_ __ _ _(_)_ __  __ _ \ \ \ \
( ( )\___ | '_ | '_| | '_ \/ _` | \ \ \ \
 \\/  ___)| |_)| | | | | || (_| |  ) ) ) )
  '  |____| .__|_| |_|_| |_\__, | / / / /
 =========|_|==============|___/=/_/_/_/
 :: Spring Boot ::                (v2.4.0)

2020-11-26 21:33:21.629  INFO 66128 --- [    Test worker] c.l.LearnReactSpringApplicationTests     : Starting LearnReactSpringApplicationTests using Java 1.8.0_181 on Chandras-MacBook-Pro.local with PID 66128 (started by ckgauro in /Users/ckgauro/Tutorial/github/SpringBootReactive)
2020-11-26 21:33:21.631  INFO 66128 --- [    Test worker] c.l.LearnReactSpringApplicationTests     : No active profile set, falling back to default profiles: default
2020-11-26 21:33:21.992  INFO 66128 --- [    Test worker] .s.d.r.c.RepositoryConfigurationDelegate : Bootstrapping Spring Data Reactive MongoDB repositories in DEFAULT mode.
2020-11-26 21:33:22.000  INFO 66128 --- [    Test worker] .s.d.r.c.RepositoryConfigurationDelegate : Finished Spring Data repository scanning in 4 ms. Found 0 Reactive MongoDB repository interfaces.
2020-11-26 21:33:22.830  INFO 66128 --- [    Test worker] org.mongodb.driver.cluster               : Cluster created with settings {hosts=[localhost:27017], mode=SINGLE, requiredClusterType=UNKNOWN, serverSelectionTimeout='30000 ms'}
2020-11-26 21:33:22.920  INFO 66128 --- [localhost:27017] org.mongodb.driver.cluster               : Exception in monitor thread while connecting to server localhost:27017

com.mongodb.MongoSocketOpenException: Exception opening socket
	at com.mongodb.connection.netty.NettyStream$OpenChannelFutureListener.operationComplete(NettyStream.java:439) ~[mongodb-driver-core-4.1.1.jar:na]
	at com.mongodb.connection.netty.NettyStream$OpenChannelFutureListener.operationComplete(NettyStream.java:407) ~[mongodb-driver-core-4.1.1.jar:na]
	at io.netty.util.concurrent.DefaultPromise.notifyListener0(DefaultPromise.java:578) ~[netty-common-4.1.54.Final.jar:4.1.54.Final]
	at io.netty.util.concurrent.DefaultPromise.notifyListeners0(DefaultPromise.java:571) ~[netty-common-4.1.54.Final.jar:4.1.54.Final]
	at io.netty.util.concurrent.DefaultPromise.notifyListenersNow(DefaultPromise.java:550) ~[netty-common-4.1.54.Final.jar:4.1.54.Final]
	at io.netty.util.concurrent.DefaultPromise.notifyListeners(DefaultPromise.java:491) ~[netty-common-4.1.54.Final.jar:4.1.54.Final]
	at io.netty.util.concurrent.DefaultPromise.setValue0(DefaultPromise.java:616) ~[netty-common-4.1.54.Final.jar:4.1.54.Final]
	at io.netty.util.concurrent.DefaultPromise.setFailure0(DefaultPromise.java:609) ~[netty-common-4.1.54.Final.jar:4.1.54.Final]
	at io.netty.util.concurrent.DefaultPromise.tryFailure(DefaultPromise.java:117) ~[netty-common-4.1.54.Final.jar:4.1.54.Final]
	at io.netty.channel.nio.AbstractNioChannel$AbstractNioUnsafe.fulfillConnectPromise(AbstractNioChannel.java:321) ~[netty-transport-4.1.54.Final.jar:4.1.54.Final]
	at io.netty.channel.nio.AbstractNioChannel$AbstractNioUnsafe.finishConnect(AbstractNioChannel.java:337) ~[netty-transport-4.1.54.Final.jar:4.1.54.Final]
	at io.netty.channel.nio.NioEventLoop.processSelectedKey(NioEventLoop.java:707) ~[netty-transport-4.1.54.Final.jar:4.1.54.Final]
	at io.netty.channel.nio.NioEventLoop.processSelectedKeysOptimized(NioEventLoop.java:655) ~[netty-transport-4.1.54.Final.jar:4.1.54.Final]
	at io.netty.channel.nio.NioEventLoop.processSelectedKeys(NioEventLoop.java:581) ~[netty-transport-4.1.54.Final.jar:4.1.54.Final]
	at io.netty.channel.nio.NioEventLoop.run(NioEventLoop.java:493) ~[netty-transport-4.1.54.Final.jar:4.1.54.Final]
	at io.netty.util.concurrent.SingleThreadEventExecutor$4.run(SingleThreadEventExecutor.java:989) ~[netty-common-4.1.54.Final.jar:4.1.54.Final]
	at io.netty.util.internal.ThreadExecutorMap$2.run(ThreadExecutorMap.java:74) ~[netty-common-4.1.54.Final.jar:4.1.54.Final]
	at io.netty.util.concurrent.FastThreadLocalRunnable.run(FastThreadLocalRunnable.java:30) ~[netty-common-4.1.54.Final.jar:4.1.54.Final]
	at java.lang.Thread.run(Thread.java:748) [na:1.8.0_181]
Caused by: io.netty.channel.AbstractChannel$AnnotatedConnectException: Connection refused: localhost/0:0:0:0:0:0:0:1:27017
Caused by: java.net.ConnectException: Connection refused
	at sun.nio.ch.SocketChannelImpl.checkConnect(Native Method) ~[na:1.8.0_181]
	at sun.nio.ch.SocketChannelImpl.finishConnect(SocketChannelImpl.java:717) ~[na:1.8.0_181]
	at io.netty.channel.socket.nio.NioSocketChannel.doFinishConnect(NioSocketChannel.java:330) ~[netty-transport-4.1.54.Final.jar:4.1.54.Final]
	at io.netty.channel.nio.AbstractNioChannel$AbstractNioUnsafe.finishConnect(AbstractNioChannel.java:334) ~[netty-transport-4.1.54.Final.jar:4.1.54.Final]
	at io.netty.channel.nio.NioEventLoop.processSelectedKey(NioEventLoop.java:707) ~[netty-transport-4.1.54.Final.jar:4.1.54.Final]
	at io.netty.channel.nio.NioEventLoop.processSelectedKeysOptimized(NioEventLoop.java:655) ~[netty-transport-4.1.54.Final.jar:4.1.54.Final]
	at io.netty.channel.nio.NioEventLoop.processSelectedKeys(NioEventLoop.java:581) ~[netty-transport-4.1.54.Final.jar:4.1.54.Final]
	at io.netty.channel.nio.NioEventLoop.run(NioEventLoop.java:493) ~[netty-transport-4.1.54.Final.jar:4.1.54.Final]
	at io.netty.util.concurrent.SingleThreadEventExecutor$4.run(SingleThreadEventExecutor.java:989) ~[netty-common-4.1.54.Final.jar:4.1.54.Final]
	at io.netty.util.internal.ThreadExecutorMap$2.run(ThreadExecutorMap.java:74) ~[netty-common-4.1.54.Final.jar:4.1.54.Final]
	at io.netty.util.concurrent.FastThreadLocalRunnable.run(FastThreadLocalRunnable.java:30) ~[netty-common-4.1.54.Final.jar:4.1.54.Final]
	at java.lang.Thread.run(Thread.java:748) [na:1.8.0_181]

2020-11-26 21:33:23.088  INFO 66128 --- [    Test worker] c.l.LearnReactSpringApplicationTests     : Started LearnReactSpringApplicationTests in 1.848 seconds (JVM running for 2.738)
]]></system-out>
  <system-err><![CDATA[]]></system-err>
</testsuite>
